Performing C SOURCE FILE Test CMAKE_HAVE_LIBC_PTHREAD failed with the following output:
Change Dir: /home/yif/catkin_ws/build/ros_gui/CMakeFiles/CMakeTmp

Run Build Command(s):/usr/bin/make cmTC_37c2e/fast && /usr/bin/make  -f CMakeFiles/cmTC_37c2e.dir/build.make CMakeFiles/cmTC_37c2e.dir/build
make[1]: 进入目录“/home/yif/catkin_ws/build/ros_gui/CMakeFiles/CMakeTmp”
Building C object CMakeFiles/cmTC_37c2e.dir/src.c.o
/usr/bin/cc   -DCMAKE_HAVE_LIBC_PTHREAD -o CMakeFiles/cmTC_37c2e.dir/src.c.o -c /home/yif/catkin_ws/build/ros_gui/CMakeFiles/CMakeTmp/src.c
Linking C executable cmTC_37c2e
/usr/local/bin/cmake -E cmake_link_script CMakeFiles/cmTC_37c2e.dir/link.txt --verbose=1
/usr/bin/cc  -DCMAKE_HAVE_LIBC_PTHREAD -rdynamic CMakeFiles/cmTC_37c2e.dir/src.c.o -o cmTC_37c2e 
CMakeFiles/cmTC_37c2e.dir/src.c.o：在函数‘main’中：
src.c:(.text+0x3e)：对‘pthread_create’未定义的引用
src.c:(.text+0x4a)：对‘pthread_detach’未定义的引用
src.c:(.text+0x56)：对‘pthread_cancel’未定义的引用
src.c:(.text+0x67)：对‘pthread_join’未定义的引用
src.c:(.text+0x7b)：对‘pthread_atfork’未定义的引用
collect2: error: ld returned 1 exit status
CMakeFiles/cmTC_37c2e.dir/build.make:106: recipe for target 'cmTC_37c2e' failed
make[1]: *** [cmTC_37c2e] Error 1
make[1]: 离开目录“/home/yif/catkin_ws/build/ros_gui/CMakeFiles/CMakeTmp”
Makefile:141: recipe for target 'cmTC_37c2e/fast' failed
make: *** [cmTC_37c2e/fast] Error 2


Source file was:
#include <pthread.h>

void* test_func(void* data)
{
  return data;
}

int main(void)
{
  pthread_t thread;
  pthread_create(&thread, NULL, test_func, NULL);
  pthread_detach(thread);
  pthread_cancel(thread);
  pthread_join(thread, NULL);
  pthread_atfork(NULL, NULL, NULL);
  pthread_exit(NULL);

  return 0;
}

Determining if the function pthread_create exists in the pthreads failed with the following output:
Change Dir: /home/yif/catkin_ws/build/ros_gui/CMakeFiles/CMakeTmp

Run Build Command(s):/usr/bin/make cmTC_48391/fast && /usr/bin/make  -f CMakeFiles/cmTC_48391.dir/build.make CMakeFiles/cmTC_48391.dir/build
make[1]: 进入目录“/home/yif/catkin_ws/build/ros_gui/CMakeFiles/CMakeTmp”
Building C object CMakeFiles/cmTC_48391.dir/CheckFunctionExists.c.o
/usr/bin/cc   -DCHECK_FUNCTION_EXISTS=pthread_create -o CMakeFiles/cmTC_48391.dir/CheckFunctionExists.c.o -c /usr/local/share/cmake-3.18/Modules/CheckFunctionExists.c
Linking C executable cmTC_48391
/usr/local/bin/cmake -E cmake_link_script CMakeFiles/cmTC_48391.dir/link.txt --verbose=1
/usr/bin/cc  -DCHECK_FUNCTION_EXISTS=pthread_create -rdynamic CMakeFiles/cmTC_48391.dir/CheckFunctionExists.c.o -o cmTC_48391  -lpthreads 
/usr/bin/ld: 找不到 -lpthreads
collect2: error: ld returned 1 exit status
CMakeFiles/cmTC_48391.dir/build.make:106: recipe for target 'cmTC_48391' failed
make[1]: *** [cmTC_48391] Error 1
make[1]: 离开目录“/home/yif/catkin_ws/build/ros_gui/CMakeFiles/CMakeTmp”
Makefile:141: recipe for target 'cmTC_48391/fast' failed
make: *** [cmTC_48391/fast] Error 2



Determining if the Q_WS_WIN exist failed with the following output:
Change Dir: /home/yif/catkin_ws/build/ros_gui/CMakeFiles/CMakeTmp

Run Build Command(s):/usr/bin/make cmTC_60753/fast && /usr/bin/make  -f CMakeFiles/cmTC_60753.dir/build.make CMakeFiles/cmTC_60753.dir/build
make[1]: 进入目录“/home/yif/catkin_ws/build/ros_gui/CMakeFiles/CMakeTmp”
Building CXX object CMakeFiles/cmTC_60753.dir/CheckSymbolExists.cxx.o
/usr/bin/c++  -I/usr/include/qt4  -o CMakeFiles/cmTC_60753.dir/CheckSymbolExists.cxx.o -c /home/yif/catkin_ws/build/ros_gui/CMakeFiles/CMakeTmp/CheckSymbolExists.cxx
/home/yif/catkin_ws/build/ros_gui/CMakeFiles/CMakeTmp/CheckSymbolExists.cxx: In function ‘int main(int, char**)’:
/home/yif/catkin_ws/build/ros_gui/CMakeFiles/CMakeTmp/CheckSymbolExists.cxx:8:19: error: ‘Q_WS_WIN’ was not declared in this scope
   return ((int*)(&Q_WS_WIN))[argc];
                   ^~~~~~~~
/home/yif/catkin_ws/build/ros_gui/CMakeFiles/CMakeTmp/CheckSymbolExists.cxx:8:19: note: suggested alternative: ‘Q_WS_X11’
   return ((int*)(&Q_WS_WIN))[argc];
                   ^~~~~~~~
                   Q_WS_X11
CMakeFiles/cmTC_60753.dir/build.make:85: recipe for target 'CMakeFiles/cmTC_60753.dir/CheckSymbolExists.cxx.o' failed
make[1]: *** [CMakeFiles/cmTC_60753.dir/CheckSymbolExists.cxx.o] Error 1
make[1]: 离开目录“/home/yif/catkin_ws/build/ros_gui/CMakeFiles/CMakeTmp”
Makefile:141: recipe for target 'cmTC_60753/fast' failed
make: *** [cmTC_60753/fast] Error 2


File /home/yif/catkin_ws/build/ros_gui/CMakeFiles/CMakeTmp/CheckSymbolExists.cxx:
/* */
#include <QtCore/qglobal.h>

int main(int argc, char** argv)
{
  (void)argv;
#ifndef Q_WS_WIN
  return ((int*)(&Q_WS_WIN))[argc];
#else
  (void)argc;
  return 0;
#endif
}
Determining if the Q_WS_QWS exist failed with the following output:
Change Dir: /home/yif/catkin_ws/build/ros_gui/CMakeFiles/CMakeTmp

Run Build Command(s):/usr/bin/make cmTC_67d58/fast && /usr/bin/make  -f CMakeFiles/cmTC_67d58.dir/build.make CMakeFiles/cmTC_67d58.dir/build
make[1]: 进入目录“/home/yif/catkin_ws/build/ros_gui/CMakeFiles/CMakeTmp”
Building CXX object CMakeFiles/cmTC_67d58.dir/CheckSymbolExists.cxx.o
/usr/bin/c++  -I/usr/include/qt4  -o CMakeFiles/cmTC_67d58.dir/CheckSymbolExists.cxx.o -c /home/yif/catkin_ws/build/ros_gui/CMakeFiles/CMakeTmp/CheckSymbolExists.cxx
/home/yif/catkin_ws/build/ros_gui/CMakeFiles/CMakeTmp/CheckSymbolExists.cxx: In function ‘int main(int, char**)’:
/home/yif/catkin_ws/build/ros_gui/CMakeFiles/CMakeTmp/CheckSymbolExists.cxx:8:19: error: ‘Q_WS_QWS’ was not declared in this scope
   return ((int*)(&Q_WS_QWS))[argc];
                   ^~~~~~~~
/home/yif/catkin_ws/build/ros_gui/CMakeFiles/CMakeTmp/CheckSymbolExists.cxx:8:19: note: suggested alternative: ‘Q_WS_X11’
   return ((int*)(&Q_WS_QWS))[argc];
                   ^~~~~~~~
                   Q_WS_X11
CMakeFiles/cmTC_67d58.dir/build.make:85: recipe for target 'CMakeFiles/cmTC_67d58.dir/CheckSymbolExists.cxx.o' failed
make[1]: *** [CMakeFiles/cmTC_67d58.dir/CheckSymbolExists.cxx.o] Error 1
make[1]: 离开目录“/home/yif/catkin_ws/build/ros_gui/CMakeFiles/CMakeTmp”
Makefile:141: recipe for target 'cmTC_67d58/fast' failed
make: *** [cmTC_67d58/fast] Error 2


File /home/yif/catkin_ws/build/ros_gui/CMakeFiles/CMakeTmp/CheckSymbolExists.cxx:
/* */
#include <QtCore/qglobal.h>

int main(int argc, char** argv)
{
  (void)argv;
#ifndef Q_WS_QWS
  return ((int*)(&Q_WS_QWS))[argc];
#else
  (void)argc;
  return 0;
#endif
}
Determining if the Q_WS_MAC exist failed with the following output:
Change Dir: /home/yif/catkin_ws/build/ros_gui/CMakeFiles/CMakeTmp

Run Build Command(s):/usr/bin/make cmTC_b6293/fast && /usr/bin/make  -f CMakeFiles/cmTC_b6293.dir/build.make CMakeFiles/cmTC_b6293.dir/build
make[1]: 进入目录“/home/yif/catkin_ws/build/ros_gui/CMakeFiles/CMakeTmp”
Building CXX object CMakeFiles/cmTC_b6293.dir/CheckSymbolExists.cxx.o
/usr/bin/c++  -I/usr/include/qt4  -o CMakeFiles/cmTC_b6293.dir/CheckSymbolExists.cxx.o -c /home/yif/catkin_ws/build/ros_gui/CMakeFiles/CMakeTmp/CheckSymbolExists.cxx
/home/yif/catkin_ws/build/ros_gui/CMakeFiles/CMakeTmp/CheckSymbolExists.cxx: In function ‘int main(int, char**)’:
/home/yif/catkin_ws/build/ros_gui/CMakeFiles/CMakeTmp/CheckSymbolExists.cxx:8:19: error: ‘Q_WS_MAC’ was not declared in this scope
   return ((int*)(&Q_WS_MAC))[argc];
                   ^~~~~~~~
/home/yif/catkin_ws/build/ros_gui/CMakeFiles/CMakeTmp/CheckSymbolExists.cxx:8:19: note: suggested alternative: ‘Q_WS_X11’
   return ((int*)(&Q_WS_MAC))[argc];
                   ^~~~~~~~
                   Q_WS_X11
CMakeFiles/cmTC_b6293.dir/build.make:85: recipe for target 'CMakeFiles/cmTC_b6293.dir/CheckSymbolExists.cxx.o' failed
make[1]: *** [CMakeFiles/cmTC_b6293.dir/CheckSymbolExists.cxx.o] Error 1
make[1]: 离开目录“/home/yif/catkin_ws/build/ros_gui/CMakeFiles/CMakeTmp”
Makefile:141: recipe for target 'cmTC_b6293/fast' failed
make: *** [cmTC_b6293/fast] Error 2


File /home/yif/catkin_ws/build/ros_gui/CMakeFiles/CMakeTmp/CheckSymbolExists.cxx:
/* */
#include <QtCore/qglobal.h>

int main(int argc, char** argv)
{
  (void)argv;
#ifndef Q_WS_MAC
  return ((int*)(&Q_WS_MAC))[argc];
#else
  (void)argc;
  return 0;
#endif
}
